info: Connected to port 8080
info: Connected to port 8080
info: Connected to Mongoose
info: Connected to Mongoose
info: Connected to Mongoose
info: Connected to Mongoose
info: Connected to Mongoose
info: Connected to Mongoose
info: Connected to Mongoose
info: Connected to Mongoose
info: Connected to port 8080
info: Connected to Mongoose
info: Connected to Mongoose
info: Connected to Mongoose
info: Connected to Mongoose
info: Connected to Mongoose
info: Connected to Mongoose
info: Connected to Mongoose
info: Connected to Mongoose
info: Connected to port 8080
debug: Connected to Mongoose
debug: Connected to Mongoose
debug: Connected to Mongoose
debug: Connected to Mongoose
debug: Connected to Mongoose
debug: Connected to Mongoose
debug: Connected to Mongoose
debug: Connected to Mongoose
info: Connected to port 8080
debug: Connected to Mongoose
debug: Connected to Mongoose
debug: Connected to Mongoose
debug: Connected to Mongoose
debug: Connected to Mongoose
debug: Connected to Mongoose
debug: Connected to Mongoose
debug: Connected to Mongoose
info: Connected to port 8080
debug: Connected to Mongoose
debug: Connected to Mongoose
debug: Connected to Mongoose
debug: Connected to Mongoose
debug: Connected to Mongoose
debug: Connected to Mongoose
debug: Connected to Mongoose
debug: Connected to Mongoose
info: Connected to port 8080
debug: Connected to Mongoose
debug: Connected to Mongoose
debug: Connected to Mongoose
debug: Connected to Mongoose
debug: Connected to Mongoose
debug: Connected to Mongoose
debug: Connected to Mongoose
debug: Connected to Mongoose
info: Connected to port 8080
debug: Connected to Mongoose
debug: Connected to Mongoose
debug: Connected to Mongoose
debug: Connected to Mongoose
debug: Connected to Mongoose
debug: Connected to Mongoose
debug: Connected to Mongoose
debug: Connected to Mongoose
info: Connected to port 8080
debug: Connected to Mongoose
debug: Connected to Mongoose
debug: Connected to Mongoose
debug: Connected to Mongoose
debug: Connected to Mongoose
debug: Connected to Mongoose
debug: Connected to Mongoose
debug: Connected to Mongoose
info: Connected to port 8080
debug: Connected to Mongoose
debug: Connected to Mongoose
debug: Connected to Mongoose
debug: Connected to Mongoose
debug: Connected to Mongoose
debug: Connected to Mongoose
debug: Connected to Mongoose
debug: Connected to Mongoose
info: Connected to port 8080
debug: Connected to Mongoose
debug: Connected to Mongoose
debug: Connected to Mongoose
debug: Connected to Mongoose
debug: Connected to Mongoose
debug: Connected to Mongoose
debug: Connected to Mongoose
debug: Connected to Mongoose
info: Connected to port 8080
debug: Connected to Mongoose
debug: Connected to Mongoose
debug: Connected to Mongoose
debug: Connected to Mongoose
debug: Connected to Mongoose
debug: Connected to Mongoose
debug: Connected to Mongoose
debug: Connected to Mongoose
info: Connected to port 8080
debug: Connected to Mongoose
debug: Connected to Mongoose
debug: Connected to Mongoose
debug: Connected to Mongoose
debug: Connected to Mongoose
debug: Connected to Mongoose
debug: Connected to Mongoose
debug: Connected to Mongoose
info: Connected to port 8080
debug: Connected to Mongoose
debug: Connected to Mongoose
debug: Connected to Mongoose
debug: Connected to Mongoose
debug: Connected to Mongoose
debug: Connected to Mongoose
debug: Connected to Mongoose
info: Connected to port 8080
debug: Connected to Mongoose
debug: Connected to Mongoose
debug: Connected to Mongoose
debug: Connected to Mongoose
debug: Connected to Mongoose
debug: Connected to Mongoose
debug: Connected to Mongoose
debug: Connected to Mongoose
info: Connected to port 8080
debug: Connected to Mongoose
debug: Connected to Mongoose
debug: Connected to Mongoose
debug: Connected to Mongoose
debug: Connected to Mongoose
debug: Connected to Mongoose
debug: Connected to Mongoose
debug: Connected to Mongoose
info: Connected to port 8080
info: Connected to port 8080
debug: Connected to Mongoose
debug: Connected to Mongoose
debug: Connected to Mongoose
debug: Connected to Mongoose
debug: Connected to Mongoose
debug: Connected to Mongoose
debug: Connected to Mongoose
debug: Connected to Mongoose
info: Connected to port 8080
debug: Connected to Mongoose
debug: Connected to Mongoose
debug: Connected to Mongoose
debug: Connected to Mongoose
debug: Connected to Mongoose
debug: Connected to Mongoose
debug: Connected to Mongoose
debug: Connected to Mongoose
info: Connected to port 8080
debug: Connected to Mongoose
debug: Connected to Mongoose
debug: Connected to Mongoose
debug: Connected to Mongoose
debug: Connected to Mongoose
debug: Connected to Mongoose
debug: Connected to Mongoose
info: Connected to port 8080
debug: Connected to Mongoose
debug: Connected to Mongoose
debug: Connected to Mongoose
debug: Connected to Mongoose
debug: Connected to Mongoose
debug: Connected to Mongoose
debug: Connected to Mongoose
debug: Connected to Mongoose
info: Connected to port 8080
debug: Connected to Mongoose
debug: Connected to Mongoose
debug: Connected to Mongoose
debug: Connected to Mongoose
debug: Connected to Mongoose
debug: Connected to Mongoose
debug: Connected to Mongoose
debug: Connected to Mongoose
info: Connected to port 8080
debug: Connected to Mongoose
debug: Connected to Mongoose
debug: Connected to Mongoose
debug: Connected to Mongoose
debug: Connected to Mongoose
debug: Connected to Mongoose
debug: Connected to Mongoose
debug: Connected to Mongoose
error: Error Mode
fatal: Fatal Mode
error: Error Mode
fatal: Fatal Mode
error: Error Mode
fatal: Fatal Mode
error: Error Mode
fatal: Fatal Mode
error: Error Mode
fatal: Fatal Mode
